-------------------------------------------------------------------------------
Test set: dev.fvila.motorbike.MotorbikeServiceApplicationTests
-------------------------------------------------------------------------------
Tests run: 1, Failures: 0, Errors: 1, Skipped: 0, Time elapsed: 3.719 s <<< FAILURE! - in dev.fvila.motorbike.MotorbikeServiceApplicationTests
contextLoads  Time elapsed: 0.022 s  <<< ERROR!
java.lang.NoClassDefFoundError: javax/persistence/EntityManagerFactory
Caused by: java.lang.ClassNotFoundException: javax.persistence.EntityManagerFactory

